Microsoft HTML Help Compiler 4.74.8702

Compiling c:\Users\grschero\Desktop\CD-Project Folder\CD_Project\Scan-Engine-Custom-Device_EtherCAT_AKD_Extension\Scan-Engine-Custom-Device\CHM Source\Scan Engine.chm


Compile time: 0 minutes, 0 seconds
8	Topics
0	Local links
0	Internet links
0	Graphics


Created c:\Users\grschero\Desktop\CD-Project Folder\CD_Project\Scan-Engine-Custom-Device_EtherCAT_AKD_Extension\Scan-Engine-Custom-Device\CHM Source\Scan Engine.chm, 82,464 bytes
Compression decreased file by 267,242 bytes.
Microsoft HTML Help Compiler 4.74.8702

Compiling c:\Users\grschero\Desktop\CD-Project Folder\CD_Project\Scan-Engine-Custom-Device_EtherCAT_AKD_Extension\Scan-Engine-Custom-Device\CHM Source\Scan Engine.chm


Compile time: 0 minutes, 0 seconds
8	Topics
0	Local links
0	Internet links
0	Graphics


Created c:\Users\grschero\Desktop\CD-Project Folder\CD_Project\Scan-Engine-Custom-Device_EtherCAT_AKD_Extension\Scan-Engine-Custom-Device\CHM Source\Scan Engine.chm, 82,462 bytes
Compression decreased file by 267,244 bytes.
Microsoft HTML Help Compiler 4.74.8702

Compiling c:\Users\grschero\Desktop\CD-Project Folder\CD_Project\Scan-Engine-Custom-Device_EtherCAT_AKD_Extension\Scan-Engine-Custom-Device\CHM Source\Scan Engine.chm


Compile time: 0 minutes, 0 seconds
8	Topics
0	Local links
0	Internet links
0	Graphics


Created c:\Users\grschero\Desktop\CD-Project Folder\CD_Project\Scan-Engine-Custom-Device_EtherCAT_AKD_Extension\Scan-Engine-Custom-Device\CHM Source\Scan Engine.chm, 78,328 bytes
Compression decreased file by 271,378 bytes.
